::1 - - [07/Jan/2018:16:31:55 +0300] "GET / HTTP/1.1" 302 - "-" "Mozilla/5.0 (Windows NT 6.1; WOW64) AppleWebKit/537.36 (KHTML, like Gecko) Chrome/62.0.3202.94 YaBrowser/17.11.0.2260 Yowser/2.5 Safari/537.36"
::1 - - [07/Jan/2018:16:32:57 +0300] "GET /dashboard/phpinfo.php HTTP/1.1" 200 96496 "http://localhost/dashboard/" "Mozilla/5.0 (Windows NT 6.1; WOW64) AppleWebKit/537.36 (KHTML, like Gecko) Chrome/62.0.3202.94 YaBrowser/17.11.0.2260 Yowser/2.5 Safari/537.36"
::1 - - [07/Jan/2018:16:34:25 +0300] "GET /dashboard/howto.html HTTP/1.1" 200 6021 "http://localhost/dashboard/" "Mozilla/5.0 (Windows NT 6.1; WOW64) AppleWebKit/537.36 (KHTML, like Gecko) Chrome/62.0.3202.94 YaBrowser/17.11.0.2260 Yowser/2.5 Safari/537.36"
::1 - - [07/Jan/2018:16:34:41 +0300] "GET /dashboard/faq.html HTTP/1.1" 200 29632 "http://localhost/dashboard/howto.html" "Mozilla/5.0 (Windows NT 6.1; WOW64) AppleWebKit/537.36 (KHTML, like Gecko) Chrome/62.0.3202.94 YaBrowser/17.11.0.2260 Yowser/2.5 Safari/537.36"
::1 - - [07/Jan/2018:16:34:41 +0300] "GET /dashboard/images/screenshots/xampp-windows-start.jpg HTTP/1.1" 200 491093 "http://localhost/dashboard/faq.html" "Mozilla/5.0 (Windows NT 6.1; WOW64) AppleWebKit/537.36 (KHTML, like Gecko) Chrome/62.0.3202.94 YaBrowser/17.11.0.2260 Yowser/2.5 Safari/537.36"
::1 - - [07/Jan/2018:16:34:42 +0300] "GET /dashboard/phpinfo.php HTTP/1.1" 200 96520 "http://localhost/dashboard/faq.html" "Mozilla/5.0 (Windows NT 6.1; WOW64) AppleWebKit/537.36 (KHTML, like Gecko) Chrome/62.0.3202.94 YaBrowser/17.11.0.2260 Yowser/2.5 Safari/537.36"
::1 - - [07/Jan/2018:16:34:44 +0300] "GET /phpmyadmin/ HTTP/1.1" 200 14992 "http://localhost/dashboard/faq.html" "Mozilla/5.0 (Windows NT 6.1; WOW64) AppleWebKit/537.36 (KHTML, like Gecko) Chrome/62.0.3202.94 YaBrowser/17.11.0.2260 Yowser/2.5 Safari/537.36"
::1 - - [07/Jan/2018:16:34:45 +0300] "GET /phpmyadmin/themes/pmahomme/jquery/jquery-ui.css HTTP/1.1" 200 36566 "-" "Mozilla/5.0 (Windows NT 6.1; WOW64) AppleWebKit/537.36 (KHTML, like Gecko) Chrome/62.0.3202.94 YaBrowser/17.11.0.2260 Yowser/2.5 Safari/537.36"
::1 - - [07/Jan/2018:16:34:45 +0300] "GET /phpmyadmin/js/codemirror/lib/codemirror.css?v=4.7.4 HTTP/1.1" 200 8132 "-" "Mozilla/5.0 (Windows NT 6.1; WOW64) AppleWebKit/537.36 (KHTML, like Gecko) Chrome/62.0.3202.94 YaBrowser/17.11.0.2260 Yowser/2.5 Safari/537.36"
::1 - - [07/Jan/2018:16:34:45 +0300] "GET /phpmyadmin/js/codemirror/addon/hint/show-hint.css?v=4.7.4 HTTP/1.1" 200 623 "-" "Mozilla/5.0 (Windows NT 6.1; WOW64) AppleWebKit/537.36 (KHTML, like Gecko) Chrome/62.0.3202.94 YaBrowser/17.11.0.2260 Yowser/2.5 Safari/537.36"
::1 - - [07/Jan/2018:16:34:45 +0300] "GET /phpmyadmin/js/codemirror/addon/lint/lint.css?v=4.7.4 HTTP/1.1" 200 2999 "-" "Mozilla/5.0 (Windows NT 6.1; WOW64) AppleWebKit/537.36 (KHTML, like Gecko) Chrome/62.0.3202.94 YaBrowser/17.11.0.2260 Yowser/2.5 Safari/537.36"
::1 - - [07/Jan/2018:16:34:45 +0300] "GET /phpmyadmin/js/get_scripts.js.php?scripts%5B%5D=jquery/jquery.ba-hashchange-1.3.js&scripts%5B%5D=jquery/jquery.debounce-1.0.5.js&scripts%5B%5D=menu-resizer.js&scripts%5B%5D=cross_framing_protection.js&scripts%5B%5D=rte.js&scripts%5B%5D=tracekit/tracekit.js&scripts%5B%5D=error_report.js&scripts%5B%5D=config.js&scripts%5B%5D=doclinks.js&scripts%5B%5D=functions.js&v=4.7.4 HTTP/1.1" 200 76958 "-" "Mozilla/5.0 (Windows NT 6.1; WOW64) AppleWebKit/537.36 (KHTML, like Gecko) Chrome/62.0.3202.94 YaBrowser/17.11.0.2260 Yowser/2.5 Safari/537.36"
::1 - - [07/Jan/2018:16:34:45 +0300] "GET /phpmyadmin/js/get_scripts.js.php?scripts%5B%5D=jquery/jquery.min.js&scripts%5B%5D=jquery/jquery-migrate-3.0.0.js&scripts%5B%5D=sprintf.js&scripts%5B%5D=ajax.js&scripts%5B%5D=keyhandler.js&scripts%5B%5D=jquery/jquery-ui.min.js&scripts%5B%5D=jquery/jquery.cookie.js&scripts%5B%5D=jquery/jquery.mousewheel.js&scripts%5B%5D=jquery/jquery.event.drag-2.2.js&scripts%5B%5D=jquery/jquery-ui-timepicker-addon.js&v=4.7.4 HTTP/1.1" 200 138812 "-" "Mozilla/5.0 (Windows NT 6.1; WOW64) AppleWebKit/537.36 (KHTML, like Gecko) Chrome/62.0.3202.94 YaBrowser/17.11.0.2260 Yowser/2.5 Safari/537.36"
::1 - - [07/Jan/2018:16:34:45 +0300] "GET /phpmyadmin/js/get_scripts.js.php?scripts%5B%5D=codemirror/addon/lint/lint.js&scripts%5B%5D=codemirror/addon/lint/sql-lint.js&scripts%5B%5D=console.js&v=4.7.4 HTTP/1.1" 200 13176 "-" "Mozilla/5.0 (Windows NT 6.1; WOW64) AppleWebKit/537.36 (KHTML, like Gecko) Chrome/62.0.3202.94 YaBrowser/17.11.0.2260 Yowser/2.5 Safari/537.36"
::1 - - [07/Jan/2018:16:34:45 +0300] "GET /phpmyadmin/js/get_scripts.js.php?scripts%5B%5D=navigation.js&scripts%5B%5D=indexes.js&scripts%5B%5D=common.js&scripts%5B%5D=page_settings.js&scripts%5B%5D=shortcuts_handler.js&scripts%5B%5D=codemirror/lib/codemirror.js&scripts%5B%5D=codemirror/mode/sql/sql.js&scripts%5B%5D=codemirror/addon/runmode/runmode.js&scripts%5B%5D=codemirror/addon/hint/show-hint.js&scripts%5B%5D=codemirror/addon/hint/sql-hint.js&v=4.7.4 HTTP/1.1" 200 135447 "-" "Mozilla/5.0 (Windows NT 6.1; WOW64) AppleWebKit/537.36 (KHTML, like Gecko) Chrome/62.0.3202.94 YaBrowser/17.11.0.2260 Yowser/2.5 Safari/537.36"
::1 - - [07/Jan/2018:16:34:45 +0300] "GET /phpmyadmin/js/whitelist.php?v=4.7.4&lang=ru&collation_connection=utf8mb4_unicode_ci HTTP/1.1" 200 475 "-" "Mozilla/5.0 (Windows NT 6.1; WOW64) AppleWebKit/537.36 (KHTML, like Gecko) Chrome/62.0.3202.94 YaBrowser/17.11.0.2260 Yowser/2.5 Safari/537.36"
::1 - - [07/Jan/2018:16:34:45 +0300] "GET /phpmyadmin/phpmyadmin.css.php?nocache=5969669131ltr&server=1 HTTP/1.1" 200 20142 "-" "Mozilla/5.0 (Windows NT 6.1; WOW64) AppleWebKit/537.36 (KHTML, like Gecko) Chrome/62.0.3202.94 YaBrowser/17.11.0.2260 Yowser/2.5 Safari/537.36"
::1 - - [07/Jan/2018:16:34:45 +0300] "GET /phpmyadmin/js/messages.php?v=4.7.4&lang=ru&collation_connection=utf8mb4_unicode_ci HTTP/1.1" 200 11412 "-" "Mozilla/5.0 (Windows NT 6.1; WOW64) AppleWebKit/537.36 (KHTML, like Gecko) Chrome/62.0.3202.94 YaBrowser/17.11.0.2260 Yowser/2.5 Safari/537.36"
::1 - - [07/Jan/2018:16:34:45 +0300] "GET /phpmyadmin/js/get_image.js.php?theme=pmahomme&v=4.7.4&lang=ru&collation_connection=utf8mb4_unicode_ci HTTP/1.1" 200 1841 "-" "Mozilla/5.0 (Windows NT 6.1; WOW64) AppleWebKit/537.36 (KHTML, like Gecko) Chrome/62.0.3202.94 YaBrowser/17.11.0.2260 Yowser/2.5 Safari/537.36"
::1 - - [07/Jan/2018:16:34:45 +0300] "GET /phpmyadmin/themes/pmahomme/img/logo_left.png HTTP/1.1" 200 2827 "-" "Mozilla/5.0 (Windows NT 6.1; WOW64) AppleWebKit/537.36 (KHTML, like Gecko) Chrome/62.0.3202.94 YaBrowser/17.11.0.2260 Yowser/2.5 Safari/537.36"
::1 - - [07/Jan/2018:16:34:46 +0300] "GET /phpmyadmin/themes/dot.gif HTTP/1.1" 200 43 "-" "Mozilla/5.0 (Windows NT 6.1; WOW64) AppleWebKit/537.36 (KHTML, like Gecko) Chrome/62.0.3202.94 YaBrowser/17.11.0.2260 Yowser/2.5 Safari/537.36"
::1 - - [07/Jan/2018:16:34:46 +0300] "GET /phpmyadmin/themes/pmahomme/img/ajax_clock_small.gif HTTP/1.1" 200 1810 "-" "Mozilla/5.0 (Windows NT 6.1; WOW64) AppleWebKit/537.36 (KHTML, like Gecko) Chrome/62.0.3202.94 YaBrowser/17.11.0.2260 Yowser/2.5 Safari/537.36"
::1 - - [07/Jan/2018:16:34:46 +0300] "GET /phpmyadmin/themes/pmahomme/img/s_collapseall.png HTTP/1.1" 200 170 "-" "Mozilla/5.0 (Windows NT 6.1; WOW64) AppleWebKit/537.36 (KHTML, like Gecko) Chrome/62.0.3202.94 YaBrowser/17.11.0.2260 Yowser/2.5 Safari/537.36"
::1 - - [07/Jan/2018:16:34:46 +0300] "GET /phpmyadmin/themes/pmahomme/css/printview.css?v=4.7.4 HTTP/1.1" 200 2746 "-" "Mozilla/5.0 (Windows NT 6.1; WOW64) AppleWebKit/537.36 (KHTML, like Gecko) Chrome/62.0.3202.94 YaBrowser/17.11.0.2260 Yowser/2.5 Safari/537.36"
::1 - - [07/Jan/2018:16:34:46 +0300] "GET /phpmyadmin/themes/pmahomme/img/left_nav_bg.png HTTP/1.1" 200 257 "http://localhost/phpmyadmin/phpmyadmin.css.php?nocache=5969669131ltr&server=1" "Mozilla/5.0 (Windows NT 6.1; WOW64) AppleWebKit/537.36 (KHTML, like Gecko) Chrome/62.0.3202.94 YaBrowser/17.11.0.2260 Yowser/2.5 Safari/537.36"
::1 - - [07/Jan/2018:16:34:46 +0300] "GET /phpmyadmin/themes/pmahomme/img/sprites.png?v=4.7.4 HTTP/1.1" 200 15764 "http://localhost/phpmyadmin/phpmyadmin.css.php?nocache=5969669131ltr&server=1" "Mozilla/5.0 (Windows NT 6.1; WOW64) AppleWebKit/537.36 (KHTML, like Gecko) Chrome/62.0.3202.94 YaBrowser/17.11.0.2260 Yowser/2.5 Safari/537.36"
::1 - - [07/Jan/2018:16:34:46 +0300] "GET /phpmyadmin/favicon.ico HTTP/1.1" 200 22486 "-" "Mozilla/5.0 (Windows NT 6.1; WOW64) AppleWebKit/537.36 (KHTML, like Gecko) Chrome/62.0.3202.94 YaBrowser/17.11.0.2260 Yowser/2.5 Safari/537.36"
::1 - - [07/Jan/2018:16:34:46 +0300] "GET /phpmyadmin/favicon.ico HTTP/1.1" 200 22486 "-" "Mozilla/5.0 (Windows NT 6.1; WOW64) AppleWebKit/537.36 (KHTML, like Gecko) Chrome/62.0.3202.94 YaBrowser/17.11.0.2260 Yowser/2.5 Safari/537.36"
::1 - - [07/Jan/2018:16:34:46 +0300] "POST /phpmyadmin/navigation.php?ajax_request=1&lang=ru&collation_connection=utf8mb4_unicode_ci HTTP/1.1" 200 2378 "-" "Mozilla/5.0 (Windows NT 6.1; WOW64) AppleWebKit/537.36 (KHTML, like Gecko) Chrome/62.0.3202.94 YaBrowser/17.11.0.2260 Yowser/2.5 Safari/537.36"
::1 - - [07/Jan/2018:16:34:46 +0300] "POST /phpmyadmin/db_structure.php?ajax_request=1&favorite_table=1&sync_favorite_tables=1&lang=ru&collation_connection=utf8mb4_unicode_ci HTTP/1.1" 200 180 "-" "Mozilla/5.0 (Windows NT 6.1; WOW64) AppleWebKit/537.36 (KHTML, like Gecko) Chrome/62.0.3202.94 YaBrowser/17.11.0.2260 Yowser/2.5 Safari/537.36"
::1 - - [07/Jan/2018:16:34:46 +0300] "POST /phpmyadmin/version_check.php HTTP/1.1" 200 64 "-" "Mozilla/5.0 (Windows NT 6.1; WOW64) AppleWebKit/537.36 (KHTML, like Gecko) Chrome/62.0.3202.94 YaBrowser/17.11.0.2260 Yowser/2.5 Safari/537.36"
::1 - - [07/Jan/2018:16:34:48 +0300] "GET /phpmyadmin/db_structure.php?server=1&db=mysql&ajax_request=true&ajax_page_request=true&_nocache=1515332088930957179 HTTP/1.1" 200 12415 "-" "Mozilla/5.0 (Windows NT 6.1; WOW64) AppleWebKit/537.36 (KHTML, like Gecko) Chrome/62.0.3202.94 YaBrowser/17.11.0.2260 Yowser/2.5 Safari/537.36"
::1 - - [07/Jan/2018:16:34:49 +0300] "GET /phpmyadmin/themes/pmahomme/img/arrow_ltr.png HTTP/1.1" 200 139 "-" "Mozilla/5.0 (Windows NT 6.1; WOW64) AppleWebKit/537.36 (KHTML, like Gecko) Chrome/62.0.3202.94 YaBrowser/17.11.0.2260 Yowser/2.5 Safari/537.36"
::1 - - [07/Jan/2018:16:34:49 +0300] "GET /phpmyadmin/navigation.php?ajax_request=1&lang=ru&collation_connection=utf8mb4_unicode_ci&aPath=cm9vdA%3D%3D.bXlzcWw%3D&vPath=cm9vdA%3D%3D.bXlzcWw%3D&pos=0&pos2_name=&pos2_value=&searchClause=&searchClause2=&_nocache=1515332089791993025 HTTP/1.1" 200 3683 "-" "Mozilla/5.0 (Windows NT 6.1; WOW64) AppleWebKit/537.36 (KHTML, like Gecko) Chrome/62.0.3202.94 YaBrowser/17.11.0.2260 Yowser/2.5 Safari/537.36"
::1 - - [07/Jan/2018:16:34:49 +0300] "GET /phpmyadmin/js/get_scripts.js.php?scripts%5B%5D=db_structure.js&scripts%5B%5D=tbl_change.js&call_done=1&v=4.7.4&call_done=1&v=4.7.4 HTTP/1.1" 200 10875 "-" "Mozilla/5.0 (Windows NT 6.1; WOW64) AppleWebKit/537.36 (KHTML, like Gecko) Chrome/62.0.3202.94 YaBrowser/17.11.0.2260 Yowser/2.5 Safari/537.36"
::1 - - [07/Jan/2018:16:34:55 +0300] "GET /phpmyadmin/navigation.php?ajax_request=1&lang=ru&collation_connection=utf8mb4_unicode_ci&aPath=cm9vdA%3D%3D.dGVzdA%3D%3D&vPath=cm9vdA%3D%3D.dGVzdA%3D%3D&pos=0&pos2_name=&pos2_value=&searchClause=&searchClause2=&_nocache=1515332095808210249 HTTP/1.1" 200 1588 "-" "Mozilla/5.0 (Windows NT 6.1; WOW64) AppleWebKit/537.36 (KHTML, like Gecko) Chrome/62.0.3202.94 YaBrowser/17.11.0.2260 Yowser/2.5 Safari/537.36"
::1 - - [07/Jan/2018:16:34:58 +0300] "GET /phpmyadmin/navigation.php?ajax_request=1&lang=ru&collation_connection=utf8mb4_unicode_ci&aPath=cm9vdA%3D%3D.cGhwbXlhZG1pbg%3D%3D&vPath=cm9vdA%3D%3D.cGhwbXlhZG1pbg%3D%3D&pos=0&pos2_name=&pos2_value=&searchClause=&searchClause2=&_nocache=1515332098013783224 HTTP/1.1" 200 2913 "-" "Mozilla/5.0 (Windows NT 6.1; WOW64) AppleWebKit/537.36 (KHTML, like Gecko) Chrome/62.0.3202.94 YaBrowser/17.11.0.2260 Yowser/2.5 Safari/537.36"
::1 - - [07/Jan/2018:16:34:59 +0300] "GET /phpmyadmin/navigation.php?ajax_request=1&lang=ru&collation_connection=utf8mb4_unicode_ci&aPath=cm9vdA%3D%3D.cGVyZm9ybWFuY2Vfc2NoZW1h&vPath=cm9vdA%3D%3D.cGVyZm9ybWFuY2Vfc2NoZW1h&pos=0&pos2_name=&pos2_value=&searchClause=&searchClause2=&_nocache=1515332099239178358 HTTP/1.1" 200 4732 "-" "Mozilla/5.0 (Windows NT 6.1; WOW64) AppleWebKit/537.36 (KHTML, like Gecko) Chrome/62.0.3202.94 YaBrowser/17.11.0.2260 Yowser/2.5 Safari/537.36"
::1 - - [07/Jan/2018:16:58:45 +0300] "POST /phpmyadmin/index.php HTTP/1.1" 200 1699 "-" "Mozilla/5.0 (Windows NT 6.1; WOW64) AppleWebKit/537.36 (KHTML, like Gecko) Chrome/62.0.3202.94 YaBrowser/17.11.0.2260 Yowser/2.5 Safari/537.36"
::1 - - [07/Jan/2018:17:01:37 +0300] "POST /phpmyadmin/index.php HTTP/1.1" 200 1699 "-" "Mozilla/5.0 (Windows NT 6.1; WOW64) AppleWebKit/537.36 (KHTML, like Gecko) Chrome/62.0.3202.94 YaBrowser/17.11.0.2260 Yowser/2.5 Safari/537.36"
::1 - - [07/Jan/2018:17:01:38 +0300] "POST /phpmyadmin/index.php HTTP/1.1" 200 1699 "-" "Mozilla/5.0 (Windows NT 6.1; WOW64) AppleWebKit/537.36 (KHTML, like Gecko) Chrome/62.0.3202.94 YaBrowser/17.11.0.2260 Yowser/2.5 Safari/537.36"
::1 - - [07/Jan/2018:17:01:39 +0300] "POST /phpmyadmin/index.php HTTP/1.1" 200 1699 "-" "Mozilla/5.0 (Windows NT 6.1; WOW64) AppleWebKit/537.36 (KHTML, like Gecko) Chrome/62.0.3202.94 YaBrowser/17.11.0.2260 Yowser/2.5 Safari/537.36"
::1 - - [07/Jan/2018:17:25:38 +0300] "POST /phpmyadmin/index.php HTTP/1.1" 200 1699 "-" "Mozilla/5.0 (Windows NT 6.1; WOW64) AppleWebKit/537.36 (KHTML, like Gecko) Chrome/62.0.3202.94 YaBrowser/17.11.0.2260 Yowser/2.5 Safari/537.36"
::1 - - [07/Jan/2018:17:25:39 +0300] "POST /phpmyadmin/index.php HTTP/1.1" 200 1699 "-" "Mozilla/5.0 (Windows NT 6.1; WOW64) AppleWebKit/537.36 (KHTML, like Gecko) Chrome/62.0.3202.94 YaBrowser/17.11.0.2260 Yowser/2.5 Safari/537.36"
::1 - - [07/Jan/2018:17:25:41 +0300] "POST /phpmyadmin/index.php HTTP/1.1" 200 1699 "-" "Mozilla/5.0 (Windows NT 6.1; WOW64) AppleWebKit/537.36 (KHTML, like Gecko) Chrome/62.0.3202.94 YaBrowser/17.11.0.2260 Yowser/2.5 Safari/537.36"
::1 - - [07/Jan/2018:17:49:40 +0300] "POST /phpmyadmin/index.php HTTP/1.1" 200 1699 "-" "Mozilla/5.0 (Windows NT 6.1; WOW64) AppleWebKit/537.36 (KHTML, like Gecko) Chrome/62.0.3202.94 YaBrowser/17.11.0.2260 Yowser/2.5 Safari/537.36"
::1 - - [07/Jan/2018:17:49:41 +0300] "POST /phpmyadmin/index.php HTTP/1.1" 200 1699 "-" "Mozilla/5.0 (Windows NT 6.1; WOW64) AppleWebKit/537.36 (KHTML, like Gecko) Chrome/62.0.3202.94 YaBrowser/17.11.0.2260 Yowser/2.5 Safari/537.36"
::1 - - [07/Jan/2018:17:49:42 +0300] "POST /phpmyadmin/index.php HTTP/1.1" 200 1699 "-" "Mozilla/5.0 (Windows NT 6.1; WOW64) AppleWebKit/537.36 (KHTML, like Gecko) Chrome/62.0.3202.94 YaBrowser/17.11.0.2260 Yowser/2.5 Safari/537.36"
127.0.0.1 - - [07/Jan/2018:17:59:11 +0300] "\x16\x03\x01" 400 980 "-" "-"
::1 - - [07/Jan/2018:18:13:41 +0300] "POST /phpmyadmin/index.php HTTP/1.1" 200 1699 "-" "Mozilla/5.0 (Windows NT 6.1; WOW64) AppleWebKit/537.36 (KHTML, like Gecko) Chrome/62.0.3202.94 YaBrowser/17.11.0.2260 Yowser/2.5 Safari/537.36"
::1 - - [07/Jan/2018:18:22:56 +0300] "POST /phpmyadmin/index.php HTTP/1.1" 200 1699 "-" "Mozilla/5.0 (Windows NT 6.1; WOW64) AppleWebKit/537.36 (KHTML, like Gecko) Chrome/62.0.3202.94 YaBrowser/17.11.0.2260 Yowser/2.5 Safari/537.36"
::1 - - [07/Jan/2018:18:22:58 +0300] "POST /phpmyadmin/index.php HTTP/1.1" 200 1699 "-" "Mozilla/5.0 (Windows NT 6.1; WOW64) AppleWebKit/537.36 (KHTML, like Gecko) Chrome/62.0.3202.94 YaBrowser/17.11.0.2260 Yowser/2.5 Safari/537.36"
::1 - - [07/Jan/2018:18:46:58 +0300] "POST /phpmyadmin/index.php HTTP/1.1" 200 1699 "-" "Mozilla/5.0 (Windows NT 6.1; WOW64) AppleWebKit/537.36 (KHTML, like Gecko) Chrome/62.0.3202.94 YaBrowser/17.11.0.2260 Yowser/2.5 Safari/537.36"
::1 - - [07/Jan/2018:18:47:00 +0300] "POST /phpmyadmin/index.php HTTP/1.1" 200 1699 "-" "Mozilla/5.0 (Windows NT 6.1; WOW64) AppleWebKit/537.36 (KHTML, like Gecko) Chrome/62.0.3202.94 YaBrowser/17.11.0.2260 Yowser/2.5 Safari/537.36"
::1 - - [07/Jan/2018:19:11:00 +0300] "POST /phpmyadmin/index.php HTTP/1.1" 200 1699 "-" "Mozilla/5.0 (Windows NT 6.1; WOW64) AppleWebKit/537.36 (KHTML, like Gecko) Chrome/62.0.3202.94 YaBrowser/17.11.0.2260 Yowser/2.5 Safari/537.36"
::1 - - [07/Jan/2018:19:11:02 +0300] "POST /phpmyadmin/index.php HTTP/1.1" 200 1699 "-" "Mozilla/5.0 (Windows NT 6.1; WOW64) AppleWebKit/537.36 (KHTML, like Gecko) Chrome/62.0.3202.94 YaBrowser/17.11.0.2260 Yowser/2.5 Safari/537.36"
::1 - - [07/Jan/2018:19:35:02 +0300] "POST /phpmyadmin/index.php HTTP/1.1" 200 1699 "-" "Mozilla/5.0 (Windows NT 6.1; WOW64) AppleWebKit/537.36 (KHTML, like Gecko) Chrome/62.0.3202.94 YaBrowser/17.11.0.2260 Yowser/2.5 Safari/537.36"
::1 - - [07/Jan/2018:19:35:04 +0300] "POST /phpmyadmin/index.php HTTP/1.1" 200 1699 "-" "Mozilla/5.0 (Windows NT 6.1; WOW64) AppleWebKit/537.36 (KHTML, like Gecko) Chrome/62.0.3202.94 YaBrowser/17.11.0.2260 Yowser/2.5 Safari/537.36"
::1 - - [07/Jan/2018:19:59:04 +0300] "POST /phpmyadmin/index.php HTTP/1.1" 200 1699 "-" "Mozilla/5.0 (Windows NT 6.1; WOW64) AppleWebKit/537.36 (KHTML, like Gecko) Chrome/62.0.3202.94 YaBrowser/17.11.0.2260 Yowser/2.5 Safari/537.36"
::1 - - [07/Jan/2018:19:59:06 +0300] "POST /phpmyadmin/index.php HTTP/1.1" 200 1699 "-" "Mozilla/5.0 (Windows NT 6.1; WOW64) AppleWebKit/537.36 (KHTML, like Gecko) Chrome/62.0.3202.94 YaBrowser/17.11.0.2260 Yowser/2.5 Safari/537.36"
::1 - - [07/Jan/2018:20:57:24 +0300] "GET / HTTP/1.1" 302 - "-" "Mozilla/5.0 (Windows NT 6.1; WOW64) AppleWebKit/537.36 (KHTML, like Gecko) Chrome/62.0.3202.94 YaBrowser/17.11.0.2260 Yowser/2.5 Safari/537.36"
::1 - - [07/Jan/2018:20:58:04 +0300] "GET /yii/ HTTP/1.1" 200 4174 "-" "Mozilla/5.0 (Windows NT 6.1; WOW64) AppleWebKit/537.36 (KHTML, like Gecko) Chrome/62.0.3202.94 YaBrowser/17.11.0.2260 Yowser/2.5 Safari/537.36"
::1 - - [07/Jan/2018:20:58:07 +0300] "GET /yii/common/ HTTP/1.1" 200 2260 "http://localhost/yii/" "Mozilla/5.0 (Windows NT 6.1; WOW64) AppleWebKit/537.36 (KHTML, like Gecko) Chrome/62.0.3202.94 YaBrowser/17.11.0.2260 Yowser/2.5 Safari/537.36"
::1 - - [07/Jan/2018:20:58:18 +0300] "GET /yii/frontend/ HTTP/1.1" 200 2685 "http://localhost/yii/" "Mozilla/5.0 (Windows NT 6.1; WOW64) AppleWebKit/537.36 (KHTML, like Gecko) Chrome/62.0.3202.94 YaBrowser/17.11.0.2260 Yowser/2.5 Safari/537.36"
::1 - - [07/Jan/2018:20:58:20 +0300] "GET /yii/frontend/web/ HTTP/1.1" 200 1433 "http://localhost/yii/frontend/" "Mozilla/5.0 (Windows NT 6.1; WOW64) AppleWebKit/537.36 (KHTML, like Gecko) Chrome/62.0.3202.94 YaBrowser/17.11.0.2260 Yowser/2.5 Safari/537.36"
::1 - - [07/Jan/2018:20:58:26 +0300] "GET /yii/frontend/tests/ HTTP/1.1" 200 2966 "http://localhost/yii/frontend/" "Mozilla/5.0 (Windows NT 6.1; WOW64) AppleWebKit/537.36 (KHTML, like Gecko) Chrome/62.0.3202.94 YaBrowser/17.11.0.2260 Yowser/2.5 Safari/537.36"
::1 - - [07/Jan/2018:20:58:31 +0300] "GET /yii/frontend/config/ HTTP/1.1" 200 1651 "http://localhost/yii/frontend/" "Mozilla/5.0 (Windows NT 6.1; WOW64) AppleWebKit/537.36 (KHTML, like Gecko) Chrome/62.0.3202.94 YaBrowser/17.11.0.2260 Yowser/2.5 Safari/537.36"
::1 - - [07/Jan/2018:20:58:32 +0300] "GET /yii/frontend/config/test.php HTTP/1.1" 200 - "http://localhost/yii/frontend/config/" "Mozilla/5.0 (Windows NT 6.1; WOW64) AppleWebKit/537.36 (KHTML, like Gecko) Chrome/62.0.3202.94 YaBrowser/17.11.0.2260 Yowser/2.5 Safari/537.36"
::1 - - [07/Jan/2018:20:58:37 +0300] "GET /yii/frontend/config/params.php HTTP/1.1" 200 - "http://localhost/yii/frontend/config/" "Mozilla/5.0 (Windows NT 6.1; WOW64) AppleWebKit/537.36 (KHTML, like Gecko) Chrome/62.0.3202.94 YaBrowser/17.11.0.2260 Yowser/2.5 Safari/537.36"
::1 - - [07/Jan/2018:20:58:58 +0300] "GET /yii/frontend/config/main.php HTTP/1.1" 200 485 "http://localhost/yii/frontend/config/" "Mozilla/5.0 (Windows NT 6.1; WOW64) AppleWebKit/537.36 (KHTML, like Gecko) Chrome/62.0.3202.94 YaBrowser/17.11.0.2260 Yowser/2.5 Safari/537.36"
::1 - - [07/Jan/2018:20:59:10 +0300] "GET /yii/backend/ HTTP/1.1" 200 2683 "http://localhost/yii/" "Mozilla/5.0 (Windows NT 6.1; WOW64) AppleWebKit/537.36 (KHTML, like Gecko) Chrome/62.0.3202.94 YaBrowser/17.11.0.2260 Yowser/2.5 Safari/537.36"
::1 - - [07/Jan/2018:20:59:14 +0300] "GET /yii/backend/views/ HTTP/1.1" 200 1222 "http://localhost/yii/backend/" "Mozilla/5.0 (Windows NT 6.1; WOW64) AppleWebKit/537.36 (KHTML, like Gecko) Chrome/62.0.3202.94 YaBrowser/17.11.0.2260 Yowser/2.5 Safari/537.36"
::1 - - [07/Jan/2018:20:59:15 +0300] "GET /yii/backend/views/site/ HTTP/1.1" 200 251 "http://localhost/yii/backend/views/" "Mozilla/5.0 (Windows NT 6.1; WOW64) AppleWebKit/537.36 (KHTML, like Gecko) Chrome/62.0.3202.94 YaBrowser/17.11.0.2260 Yowser/2.5 Safari/537.36"
::1 - - [07/Jan/2018:20:59:22 +0300] "GET /yii/backend/web/ HTTP/1.1" 200 1430 "http://localhost/yii/backend/" "Mozilla/5.0 (Windows NT 6.1; WOW64) AppleWebKit/537.36 (KHTML, like Gecko) Chrome/62.0.3202.94 YaBrowser/17.11.0.2260 Yowser/2.5 Safari/537.36"
::1 - - [07/Jan/2018:20:59:27 +0300] "GET /yii/backend/tests/ HTTP/1.1" 200 2514 "http://localhost/yii/backend/" "Mozilla/5.0 (Windows NT 6.1; WOW64) AppleWebKit/537.36 (KHTML, like Gecko) Chrome/62.0.3202.94 YaBrowser/17.11.0.2260 Yowser/2.5 Safari/537.36"
::1 - - [07/Jan/2018:20:59:34 +0300] "GET /yii/backend/assets/ HTTP/1.1" 200 1018 "http://localhost/yii/backend/" "Mozilla/5.0 (Windows NT 6.1; WOW64) AppleWebKit/537.36 (KHTML, like Gecko) Chrome/62.0.3202.94 YaBrowser/17.11.0.2260 Yowser/2.5 Safari/537.36"
::1 - - [07/Jan/2018:21:00:39 +0300] "GET /yii/frontend/web/index.php HTTP/1.1" 404 1053 "-" "Mozilla/5.0 (Windows NT 6.1; WOW64) AppleWebKit/537.36 (KHTML, like Gecko) Chrome/62.0.3202.94 YaBrowser/17.11.0.2260 Yowser/2.5 Safari/537.36"
::1 - - [07/Jan/2018:21:01:15 +0300] "GET /yii/web/index.php HTTP/1.1" 404 1053 "-" "Mozilla/5.0 (Windows NT 6.1; WOW64) AppleWebKit/537.36 (KHTML, like Gecko) Chrome/62.0.3202.94 YaBrowser/17.11.0.2260 Yowser/2.5 Safari/537.36"
::1 - - [07/Jan/2018:21:08:47 +0300] "GET / HTTP/1.1" 403 1055 "-" "Mozilla/5.0 (Windows NT 6.1; WOW64) AppleWebKit/537.36 (KHTML, like Gecko) Chrome/62.0.3202.94 YaBrowser/17.11.0.2260 Yowser/2.5 Safari/537.36"
::1 - - [07/Jan/2018:21:08:50 +0300] "GET /favicon.ico HTTP/1.1" 403 1041 "-" "Mozilla/5.0 (Windows NT 6.1; WOW64) AppleWebKit/537.36 (KHTML, like Gecko) Chrome/62.0.3202.94 YaBrowser/17.11.0.2260 Yowser/2.5 Safari/537.36"
::1 - - [07/Jan/2018:21:10:25 +0300] "GET / HTTP/1.1" 200 1206 "-" "Mozilla/5.0 (Windows NT 6.1; WOW64) AppleWebKit/537.36 (KHTML, like Gecko) Chrome/62.0.3202.94 YaBrowser/17.11.0.2260 Yowser/2.5 Safari/537.36"
::1 - - [07/Jan/2018:21:10:41 +0300] "GET /frontend.test HTTP/1.1" 404 1053 "-" "Mozilla/5.0 (Windows NT 6.1; WOW64) AppleWebKit/537.36 (KHTML, like Gecko) Chrome/62.0.3202.94 YaBrowser/17.11.0.2260 Yowser/2.5 Safari/537.36"
::1 - - [07/Jan/2018:21:10:45 +0300] "GET /frontend HTTP/1.1" 404 1053 "-" "Mozilla/5.0 (Windows NT 6.1; WOW64) AppleWebKit/537.36 (KHTML, like Gecko) Chrome/62.0.3202.94 YaBrowser/17.11.0.2260 Yowser/2.5 Safari/537.36"
::1 - - [07/Jan/2018:21:10:48 +0300] "GET / HTTP/1.1" 200 1206 "-" "Mozilla/5.0 (Windows NT 6.1; WOW64) AppleWebKit/537.36 (KHTML, like Gecko) Chrome/62.0.3202.94 YaBrowser/17.11.0.2260 Yowser/2.5 Safari/537.36"
127.0.0.1 - - [07/Jan/2018:21:20:29 +0300] "HEAD / HTTP/1.1" 200 - "-" "Mozilla/5.0 (Windows NT 6.1; WOW64) AppleWebKit/537.36 (KHTML, like Gecko) Chrome/62.0.3202.94 YaBrowser/17.11.0.2260 Yowser/2.5 Safari/537.36"
127.0.0.1 - - [07/Jan/2018:21:20:40 +0300] "HEAD / HTTP/1.1" 200 - "-" "Mozilla/5.0 (Windows NT 6.1; WOW64) AppleWebKit/537.36 (KHTML, like Gecko) Chrome/62.0.3202.94 YaBrowser/17.11.0.2260 Yowser/2.5 Safari/537.36"
::1 - - [07/Jan/2018:21:20:45 +0300] "GET / HTTP/1.1" 200 1206 "-" "Mozilla/5.0 (Windows NT 6.1; WOW64) AppleWebKit/537.36 (KHTML, like Gecko) Chrome/62.0.3202.94 YaBrowser/17.11.0.2260 Yowser/2.5 Safari/537.36"
127.0.0.1 - - [07/Jan/2018:21:22:44 +0300] "HEAD / HTTP/1.1" 200 - "-" "Mozilla/5.0 (Windows NT 6.1; WOW64) AppleWebKit/537.36 (KHTML, like Gecko) Chrome/62.0.3202.94 YaBrowser/17.11.0.2260 Yowser/2.5 Safari/537.36"
::1 - - [07/Jan/2018:21:22:48 +0300] "GET / HTTP/1.1" 200 1206 "-" "Mozilla/5.0 (Windows NT 6.1; WOW64) AppleWebKit/537.36 (KHTML, like Gecko) Chrome/62.0.3202.94 YaBrowser/17.11.0.2260 Yowser/2.5 Safari/537.36"
::1 - - [07/Jan/2018:21:22:55 +0300] "GET / HTTP/1.1" 200 1206 "-" "Mozilla/5.0 (Windows NT 6.1; WOW64) AppleWebKit/537.36 (KHTML, like Gecko) Chrome/62.0.3202.94 YaBrowser/17.11.0.2260 Yowser/2.5 Safari/537.36"
::1 - - [07/Jan/2018:21:23:05 +0300] "GET /index.php?r=site%2Fhello HTTP/1.1" 404 1053 "-" "Mozilla/5.0 (Windows NT 6.1; WOW64) AppleWebKit/537.36 (KHTML, like Gecko) Chrome/62.0.3202.94 YaBrowser/17.11.0.2260 Yowser/2.5 Safari/537.36"
::1 - - [07/Jan/2018:21:25:31 +0300] "GET / HTTP/1.1" 200 1206 "-" "Mozilla/5.0 (Windows NT 6.1; WOW64) AppleWebKit/537.36 (KHTML, like Gecko) Chrome/62.0.3202.94 YaBrowser/17.11.0.2260 Yowser/2.5 Safari/537.36"
::1 - - [07/Jan/2018:21:26:15 +0300] "GET /assets/9bb4c50b/css/bootstrap.css HTTP/1.1" 200 146010 "http://localhost/" "Mozilla/5.0 (Windows NT 6.1; WOW64) AppleWebKit/537.36 (KHTML, like Gecko) Chrome/62.0.3202.94 YaBrowser/17.11.0.2260 Yowser/2.5 Safari/537.36"
::1 - - [07/Jan/2018:21:26:15 +0300] "GET /assets/4504ffc8/jquery.js HTTP/1.1" 200 268039 "http://localhost/" "Mozilla/5.0 (Windows NT 6.1; WOW64) AppleWebKit/537.36 (KHTML, like Gecko) Chrome/62.0.3202.94 YaBrowser/17.11.0.2260 Yowser/2.5 Safari/537.36"
::1 - - [07/Jan/2018:21:26:15 +0300] "GET /assets/f5a49c32/yii.js HTTP/1.1" 200 20203 "http://localhost/" "Mozilla/5.0 (Windows NT 6.1; WOW64) AppleWebKit/537.36 (KHTML, like Gecko) Chrome/62.0.3202.94 YaBrowser/17.11.0.2260 Yowser/2.5 Safari/537.36"
::1 - - [07/Jan/2018:21:26:15 +0300] "GET / HTTP/1.1" 200 28602 "-" "Mozilla/5.0 (Windows NT 6.1; WOW64) AppleWebKit/537.36 (KHTML, like Gecko) Chrome/62.0.3202.94 YaBrowser/17.11.0.2260 Yowser/2.5 Safari/537.36"
::1 - - [07/Jan/2018:21:26:15 +0300] "GET /assets/9bb4c50b/js/bootstrap.js HTTP/1.1" 200 69707 "http://localhost/" "Mozilla/5.0 (Windows NT 6.1; WOW64) AppleWebKit/537.36 (KHTML, like Gecko) Chrome/62.0.3202.94 YaBrowser/17.11.0.2260 Yowser/2.5 Safari/537.36"
::1 - - [07/Jan/2018:21:26:15 +0300] "GET /index.php?r=debug%2Fdefault%2Ftoolbar&tag=5a52664711e94 HTTP/1.1" 200 6958 "http://localhost/" "Mozilla/5.0 (Windows NT 6.1; WOW64) AppleWebKit/537.36 (KHTML, like Gecko) Chrome/62.0.3202.94 YaBrowser/17.11.0.2260 Yowser/2.5 Safari/537.36"
::1 - - [07/Jan/2018:21:27:13 +0300] "GET / HTTP/1.1" 403 1055 "-" "Mozilla/5.0 (Windows NT 6.1; WOW64) AppleWebKit/537.36 (KHTML, like Gecko) Chrome/62.0.3202.94 YaBrowser/17.11.0.2260 Yowser/2.5 Safari/537.36"
::1 - - [07/Jan/2018:21:27:25 +0300] "GET / HTTP/1.1" 403 1055 "-" "Mozilla/5.0 (Windows NT 6.1; WOW64) AppleWebKit/537.36 (KHTML, like Gecko) Chrome/62.0.3202.94 YaBrowser/17.11.0.2260 Yowser/2.5 Safari/537.36"
::1 - - [07/Jan/2018:21:28:14 +0300] "GET / HTTP/1.1" 200 28602 "-" "Mozilla/5.0 (Windows NT 6.1; WOW64) AppleWebKit/537.36 (KHTML, like Gecko) Chrome/62.0.3202.94 YaBrowser/17.11.0.2260 Yowser/2.5 Safari/537.36"
::1 - - [07/Jan/2018:21:28:14 +0300] "GET /assets/9bb4c50b/css/bootstrap.css HTTP/1.1" 304 - "http://localhost/" "Mozilla/5.0 (Windows NT 6.1; WOW64) AppleWebKit/537.36 (KHTML, like Gecko) Chrome/62.0.3202.94 YaBrowser/17.11.0.2260 Yowser/2.5 Safari/537.36"
::1 - - [07/Jan/2018:21:28:14 +0300] "GET /assets/4504ffc8/jquery.js HTTP/1.1" 304 - "http://localhost/" "Mozilla/5.0 (Windows NT 6.1; WOW64) AppleWebKit/537.36 (KHTML, like Gecko) Chrome/62.0.3202.94 YaBrowser/17.11.0.2260 Yowser/2.5 Safari/537.36"
::1 - - [07/Jan/2018:21:28:14 +0300] "GET /assets/f5a49c32/yii.js HTTP/1.1" 304 - "http://localhost/" "Mozilla/5.0 (Windows NT 6.1; WOW64) AppleWebKit/537.36 (KHTML, like Gecko) Chrome/62.0.3202.94 YaBrowser/17.11.0.2260 Yowser/2.5 Safari/537.36"
::1 - - [07/Jan/2018:21:28:14 +0300] "GET /assets/9bb4c50b/js/bootstrap.js HTTP/1.1" 304 - "http://localhost/" "Mozilla/5.0 (Windows NT 6.1; WOW64) AppleWebKit/537.36 (KHTML, like Gecko) Chrome/62.0.3202.94 YaBrowser/17.11.0.2260 Yowser/2.5 Safari/537.36"
::1 - - [07/Jan/2018:21:28:14 +0300] "GET /index.php?r=debug%2Fdefault%2Ftoolbar&tag=5a5266be516c8 HTTP/1.1" 200 6956 "http://localhost/" "Mozilla/5.0 (Windows NT 6.1; WOW64) AppleWebKit/537.36 (KHTML, like Gecko) Chrome/62.0.3202.94 YaBrowser/17.11.0.2260 Yowser/2.5 Safari/537.36"
127.0.0.1 - - [07/Jan/2018:21:28:35 +0300] "HEAD / HTTP/1.1" 200 - "-" "Mozilla/5.0 (Windows NT 6.1; WOW64) AppleWebKit/537.36 (KHTML, like Gecko) Chrome/62.0.3202.94 YaBrowser/17.11.0.2260 Yowser/2.5 Safari/537.36"
127.0.0.1 - - [07/Jan/2018:21:28:48 +0300] "HEAD / HTTP/1.1" 200 - "-" "Mozilla/5.0 (Windows NT 6.1; WOW64) AppleWebKit/537.36 (KHTML, like Gecko) Chrome/62.0.3202.94 YaBrowser/17.11.0.2260 Yowser/2.5 Safari/537.36"
127.0.0.1 - - [07/Jan/2018:21:29:04 +0300] "HEAD / HTTP/1.1" 200 - "-" "Mozilla/5.0 (Windows NT 6.1; WOW64) AppleWebKit/537.36 (KHTML, like Gecko) Chrome/62.0.3202.94 YaBrowser/17.11.0.2260 Yowser/2.5 Safari/537.36"
127.0.0.1 - - [07/Jan/2018:21:29:19 +0300] "HEAD / HTTP/1.1" 302 - "-" "Mozilla/5.0 (Windows NT 6.1; WOW64) AppleWebKit/537.36 (KHTML, like Gecko) Chrome/62.0.3202.94 YaBrowser/17.11.0.2260 Yowser/2.5 Safari/537.36"
::1 - - [07/Jan/2018:21:29:40 +0300] "GET / HTTP/1.1" 200 28602 "-" "Mozilla/5.0 (Windows NT 6.1; WOW64) AppleWebKit/537.36 (KHTML, like Gecko) Chrome/62.0.3202.94 YaBrowser/17.11.0.2260 Yowser/2.5 Safari/537.36"
::1 - - [07/Jan/2018:21:29:40 +0300] "GET /assets/9bb4c50b/css/bootstrap.css HTTP/1.1" 304 - "http://localhost/" "Mozilla/5.0 (Windows NT 6.1; WOW64) AppleWebKit/537.36 (KHTML, like Gecko) Chrome/62.0.3202.94 YaBrowser/17.11.0.2260 Yowser/2.5 Safari/537.36"
::1 - - [07/Jan/2018:21:29:40 +0300] "GET /assets/4504ffc8/jquery.js HTTP/1.1" 304 - "http://localhost/" "Mozilla/5.0 (Windows NT 6.1; WOW64) AppleWebKit/537.36 (KHTML, like Gecko) Chrome/62.0.3202.94 YaBrowser/17.11.0.2260 Yowser/2.5 Safari/537.36"
::1 - - [07/Jan/2018:21:29:40 +0300] "GET /assets/9bb4c50b/js/bootstrap.js HTTP/1.1" 304 - "http://localhost/" "Mozilla/5.0 (Windows NT 6.1; WOW64) AppleWebKit/537.36 (KHTML, like Gecko) Chrome/62.0.3202.94 YaBrowser/17.11.0.2260 Yowser/2.5 Safari/537.36"
::1 - - [07/Jan/2018:21:29:40 +0300] "GET /assets/f5a49c32/yii.js HTTP/1.1" 304 - "http://localhost/" "Mozilla/5.0 (Windows NT 6.1; WOW64) AppleWebKit/537.36 (KHTML, like Gecko) Chrome/62.0.3202.94 YaBrowser/17.11.0.2260 Yowser/2.5 Safari/537.36"
::1 - - [07/Jan/2018:21:29:40 +0300] "GET /index.php?r=debug%2Fdefault%2Ftoolbar&tag=5a5267149d606 HTTP/1.1" 200 6956 "http://localhost/" "Mozilla/5.0 (Windows NT 6.1; WOW64) AppleWebKit/537.36 (KHTML, like Gecko) Chrome/62.0.3202.94 YaBrowser/17.11.0.2260 Yowser/2.5 Safari/537.36"
