2015-11-10 15:26:56 10fc InnoDB: Warning: Using innodb_additional_mem_pool_size is DEPRECATED. This option may be removed in future releases, together with the option innodb_use_sys_malloc and with the InnoDB's internal memory allocator.
2015-11-10 15:26:56 4348 [Note] InnoDB: Using mutexes to ref count buffer pool pages
2015-11-10 15:26:56 4348 [Note] InnoDB: The InnoDB memory heap is disabled
2015-11-10 15:26:56 4348 [Note] InnoDB: Mutexes and rw_locks use Windows interlocked functions
2015-11-10 15:26:56 4348 [Note] InnoDB: Memory barrier is not used
2015-11-10 15:26:56 4348 [Note] InnoDB: Compressed tables use zlib 1.2.3
2015-11-10 15:26:56 4348 [Note] InnoDB: Not using CPU crc32 instructions
2015-11-10 15:26:56 4348 [Note] InnoDB: Initializing buffer pool, size = 16.0M
2015-11-10 15:26:56 4348 [Note] InnoDB: Completed initialization of buffer pool
2015-11-10 15:26:56 4348 [Note] InnoDB: Highest supported file format is Barracuda.
2015-11-10 15:26:57 4348 [Note] InnoDB: 128 rollback segment(s) are active.
2015-11-10 15:26:57 4348 [Note] InnoDB: Waiting for purge to start
2015-11-10 15:26:57 4348 [Note] InnoDB:  Percona XtraDB (http://www.percona.com) 5.6.26-74.0 started; log sequence number 1835027
2015-11-10 15:26:57 6140 [Note] InnoDB: Dumping buffer pool(s) not yet started
2015-11-10 15:26:57 4348 [Note] Plugin 'FEEDBACK' is disabled.
2015-11-10 15:26:57 4348 [Note] Server socket created on IP: '::'.
2015-11-10 15:26:57 4348 [Note] Event Scheduler: Loaded 0 events
2015-11-10 15:26:57 4348 [Note] C:\xampp\mysql\bin\mysqld.exe: ready for connections.
Version: '10.1.8-MariaDB'  socket: ''  port: 3306  mariadb.org binary distribution
2015-11-10 15:27:11 5152 [Note] C:\xampp\mysql\bin\mysqld.exe: Normal shutdown

2015-11-10 15:27:11 5152 [Note] Event Scheduler: Purging the queue. 0 events
2015-11-10 15:27:11 5732 [Note] InnoDB: FTS optimize thread exiting.
2015-11-10 15:27:11 5152 [Note] InnoDB: Starting shutdown...
2015-11-10 15:27:13 5152 [Note] InnoDB: Shutdown completed; log sequence number 1835037
2015-11-10 15:27:13 5152 [Note] C:\xampp\mysql\bin\mysqld.exe: Shutdown complete

2018-01-07 16:31:52 1c8c InnoDB: Warning: Using innodb_additional_mem_pool_size is DEPRECATED. This option may be removed in future releases, together with the option innodb_use_sys_malloc and with the InnoDB's internal memory allocator.
2018-01-07 16:31:52 7308 [Note] InnoDB: innodb_empty_free_list_algorithm has been changed to legacy because of small buffer pool size. In order to use backoff, increase buffer pool at least up to 20MB.

2018-01-07 16:31:52 7308 [Note] InnoDB: Using mutexes to ref count buffer pool pages
2018-01-07 16:31:52 7308 [Note] InnoDB: The InnoDB memory heap is disabled
2018-01-07 16:31:52 7308 [Note] InnoDB: Mutexes and rw_locks use Windows interlocked functions
2018-01-07 16:31:52 7308 [Note] InnoDB: _mm_lfence() and _mm_sfence() are used for memory barrier
2018-01-07 16:31:52 7308 [Note] InnoDB: Compressed tables use zlib 1.2.3
2018-01-07 16:31:52 7308 [Note] InnoDB: Using generic crc32 instructions
2018-01-07 16:31:52 7308 [Note] InnoDB: Initializing buffer pool, size = 16.0M
2018-01-07 16:31:52 7308 [Note] InnoDB: Completed initialization of buffer pool
2018-01-07 16:31:52 7308 [Note] InnoDB: Highest supported file format is Barracuda.
2018-01-07 16:31:53 7308 [Note] InnoDB: 128 rollback segment(s) are active.
2018-01-07 16:31:53 7308 [Note] InnoDB: Waiting for purge to start
2018-01-07 16:31:53 7308 [Note] InnoDB:  Percona XtraDB (http://www.percona.com) 5.6.36-82.2 started; log sequence number 1835037
2018-01-07 16:31:53 8004 [Note] InnoDB: Dumping buffer pool(s) not yet started
2018-01-07 16:31:53 7308 [Note] Plugin 'FEEDBACK' is disabled.
2018-01-07 16:31:53 7308 [Note] Server socket created on IP: '::'.
2018-01-07 16:31:53 7308 [Note] c:\xampp\mysql\bin\mysqld.exe: ready for connections.
Version: '10.1.29-MariaDB'  socket: ''  port: 3306  mariadb.org binary distribution
2018-01-07 21:07:23 1bb0 InnoDB: Warning: Using innodb_additional_mem_pool_size is DEPRECATED. This option may be removed in future releases, together with the option innodb_use_sys_malloc and with the InnoDB's internal memory allocator.
2018-01-07 21:07:23 7088 [Note] InnoDB: innodb_empty_free_list_algorithm has been changed to legacy because of small buffer pool size. In order to use backoff, increase buffer pool at least up to 20MB.

2018-01-07 21:07:23 7088 [Note] InnoDB: Using mutexes to ref count buffer pool pages
2018-01-07 21:07:23 7088 [Note] InnoDB: The InnoDB memory heap is disabled
2018-01-07 21:07:23 7088 [Note] InnoDB: Mutexes and rw_locks use Windows interlocked functions
2018-01-07 21:07:23 7088 [Note] InnoDB: _mm_lfence() and _mm_sfence() are used for memory barrier
2018-01-07 21:07:23 7088 [Note] InnoDB: Compressed tables use zlib 1.2.3
2018-01-07 21:07:23 7088 [Note] InnoDB: Using generic crc32 instructions
2018-01-07 21:07:23 7088 [Note] InnoDB: Initializing buffer pool, size = 16.0M
2018-01-07 21:07:23 7088 [Note] InnoDB: Completed initialization of buffer pool
2018-01-07 21:07:24 7088 [Note] InnoDB: Highest supported file format is Barracuda.
2018-01-07 21:07:24 7088 [Note] InnoDB: The log sequence number 1835037 in ibdata file do not match the log sequence number 1835452 in the ib_logfiles!
2018-01-07 21:07:25 7088 [Note] InnoDB: Restoring possible half-written data pages from the doublewrite buffer...
2018-01-07 21:07:27 7088 [Note] InnoDB: 128 rollback segment(s) are active.
2018-01-07 21:07:27 7088 [Note] InnoDB: Waiting for purge to start
2018-01-07 21:07:27 7088 [Note] InnoDB:  Percona XtraDB (http://www.percona.com) 5.6.36-82.2 started; log sequence number 1835452
2018-01-07 21:07:27 6476 [Note] InnoDB: Dumping buffer pool(s) not yet started
2018-01-07 21:07:27 7088 [Note] Plugin 'FEEDBACK' is disabled.
2018-01-07 21:07:27 7088 [Note] Server socket created on IP: '::'.
2018-01-07 21:07:27 7088 [Note] c:\xampp\mysql\bin\mysqld.exe: ready for connections.
Version: '10.1.29-MariaDB'  socket: ''  port: 3306  mariadb.org binary distribution
2018-01-07 21:09:34 1cf0 InnoDB: Warning: Using innodb_additional_mem_pool_size is DEPRECATED. This option may be removed in future releases, together with the option innodb_use_sys_malloc and with the InnoDB's internal memory allocator.
2018-01-07 21:09:34 7408 [Note] InnoDB: innodb_empty_free_list_algorithm has been changed to legacy because of small buffer pool size. In order to use backoff, increase buffer pool at least up to 20MB.

2018-01-07 21:09:34 7408 [Note] InnoDB: Using mutexes to ref count buffer pool pages
2018-01-07 21:09:34 7408 [Note] InnoDB: The InnoDB memory heap is disabled
2018-01-07 21:09:34 7408 [Note] InnoDB: Mutexes and rw_locks use Windows interlocked functions
2018-01-07 21:09:34 7408 [Note] InnoDB: _mm_lfence() and _mm_sfence() are used for memory barrier
2018-01-07 21:09:34 7408 [Note] InnoDB: Compressed tables use zlib 1.2.3
2018-01-07 21:09:34 7408 [Note] InnoDB: Using generic crc32 instructions
2018-01-07 21:09:34 7408 [Note] InnoDB: Initializing buffer pool, size = 16.0M
2018-01-07 21:09:34 7408 [Note] InnoDB: Completed initialization of buffer pool
2018-01-07 21:09:35 7408 [Note] InnoDB: Highest supported file format is Barracuda.
2018-01-07 21:09:35 7408 [Note] InnoDB: The log sequence number 1835037 in ibdata file do not match the log sequence number 1835462 in the ib_logfiles!
2018-01-07 21:09:36 7408 [Note] InnoDB: Restoring possible half-written data pages from the doublewrite buffer...
2018-01-07 21:09:37 7408 [Note] InnoDB: 128 rollback segment(s) are active.
2018-01-07 21:09:37 7408 [Note] InnoDB: Waiting for purge to start
2018-01-07 21:09:37 7408 [Note] InnoDB:  Percona XtraDB (http://www.percona.com) 5.6.36-82.2 started; log sequence number 1835462
2018-01-07 21:09:37 1136 [Note] InnoDB: Dumping buffer pool(s) not yet started
2018-01-07 21:09:37 7408 [Note] Plugin 'FEEDBACK' is disabled.
2018-01-07 21:09:37 7408 [Note] Server socket created on IP: '::'.
2018-01-07 21:09:37 7408 [Note] c:\xampp\mysql\bin\mysqld.exe: ready for connections.
Version: '10.1.29-MariaDB'  socket: ''  port: 3306  mariadb.org binary distribution
2018-01-07 21:19:55 25a8 InnoDB: Warning: Using innodb_additional_mem_pool_size is DEPRECATED. This option may be removed in future releases, together with the option innodb_use_sys_malloc and with the InnoDB's internal memory allocator.
2018-01-07 21:19:55 9640 [Note] InnoDB: innodb_empty_free_list_algorithm has been changed to legacy because of small buffer pool size. In order to use backoff, increase buffer pool at least up to 20MB.

2018-01-07 21:19:55 9640 [Note] InnoDB: Using mutexes to ref count buffer pool pages
2018-01-07 21:19:55 9640 [Note] InnoDB: The InnoDB memory heap is disabled
2018-01-07 21:19:55 9640 [Note] InnoDB: Mutexes and rw_locks use Windows interlocked functions
2018-01-07 21:19:55 9640 [Note] InnoDB: _mm_lfence() and _mm_sfence() are used for memory barrier
2018-01-07 21:19:55 9640 [Note] InnoDB: Compressed tables use zlib 1.2.3
2018-01-07 21:19:55 9640 [Note] InnoDB: Using generic crc32 instructions
2018-01-07 21:19:55 9640 [Note] InnoDB: Initializing buffer pool, size = 16.0M
2018-01-07 21:19:55 9640 [Note] InnoDB: Completed initialization of buffer pool
2018-01-07 21:19:55 9640 [Note] InnoDB: Highest supported file format is Barracuda.
2018-01-07 21:19:55 9640 [Note] InnoDB: The log sequence number 1835037 in ibdata file do not match the log sequence number 1835472 in the ib_logfiles!
2018-01-07 21:19:56 9640 [Note] InnoDB: Restoring possible half-written data pages from the doublewrite buffer...
2018-01-07 21:19:58 9640 [Note] InnoDB: 128 rollback segment(s) are active.
2018-01-07 21:19:58 9640 [Note] InnoDB: Waiting for purge to start
2018-01-07 21:19:58 9640 [Note] InnoDB:  Percona XtraDB (http://www.percona.com) 5.6.36-82.2 started; log sequence number 1835472
2018-01-07 21:19:58 6344 [Note] InnoDB: Dumping buffer pool(s) not yet started
2018-01-07 21:19:58 9640 [Note] Plugin 'FEEDBACK' is disabled.
2018-01-07 21:19:58 9640 [Note] Server socket created on IP: '::'.
2018-01-07 21:19:58 9640 [Note] c:\xampp\mysql\bin\mysqld.exe: ready for connections.
Version: '10.1.29-MariaDB'  socket: ''  port: 3306  mariadb.org binary distribution
2018-01-07 21:25:27 1cbc InnoDB: Warning: Using innodb_additional_mem_pool_size is DEPRECATED. This option may be removed in future releases, together with the option innodb_use_sys_malloc and with the InnoDB's internal memory allocator.
2018-01-07 21:25:27 7356 [Note] InnoDB: innodb_empty_free_list_algorithm has been changed to legacy because of small buffer pool size. In order to use backoff, increase buffer pool at least up to 20MB.

2018-01-07 21:25:27 7356 [Note] InnoDB: Using mutexes to ref count buffer pool pages
2018-01-07 21:25:27 7356 [Note] InnoDB: The InnoDB memory heap is disabled
2018-01-07 21:25:27 7356 [Note] InnoDB: Mutexes and rw_locks use Windows interlocked functions
2018-01-07 21:25:27 7356 [Note] InnoDB: _mm_lfence() and _mm_sfence() are used for memory barrier
2018-01-07 21:25:27 7356 [Note] InnoDB: Compressed tables use zlib 1.2.3
2018-01-07 21:25:27 7356 [Note] InnoDB: Using generic crc32 instructions
2018-01-07 21:25:27 7356 [Note] InnoDB: Initializing buffer pool, size = 16.0M
2018-01-07 21:25:27 7356 [Note] InnoDB: Completed initialization of buffer pool
2018-01-07 21:25:27 7356 [Note] InnoDB: Highest supported file format is Barracuda.
2018-01-07 21:25:27 7356 [Note] InnoDB: The log sequence number 1835037 in ibdata file do not match the log sequence number 1835482 in the ib_logfiles!
2018-01-07 21:25:27 7356 [Note] InnoDB: Restoring possible half-written data pages from the doublewrite buffer...
2018-01-07 21:25:29 7356 [Note] InnoDB: 128 rollback segment(s) are active.
2018-01-07 21:25:29 7356 [Note] InnoDB: Waiting for purge to start
2018-01-07 21:25:29 7356 [Note] InnoDB:  Percona XtraDB (http://www.percona.com) 5.6.36-82.2 started; log sequence number 1835482
2018-01-07 21:25:29 7204 [Note] InnoDB: Dumping buffer pool(s) not yet started
2018-01-07 21:25:29 7356 [Note] Plugin 'FEEDBACK' is disabled.
2018-01-07 21:25:29 7356 [Note] Server socket created on IP: '::'.
2018-01-07 21:25:29 7356 [Note] c:\xampp\mysql\bin\mysqld.exe: ready for connections.
Version: '10.1.29-MariaDB'  socket: ''  port: 3306  mariadb.org binary distribution
2018-01-07 21:27:03 1154 InnoDB: Warning: Using innodb_additional_mem_pool_size is DEPRECATED. This option may be removed in future releases, together with the option innodb_use_sys_malloc and with the InnoDB's internal memory allocator.
2018-01-07 21:27:03 4436 [Note] InnoDB: innodb_empty_free_list_algorithm has been changed to legacy because of small buffer pool size. In order to use backoff, increase buffer pool at least up to 20MB.

2018-01-07 21:27:03 4436 [Note] InnoDB: Using mutexes to ref count buffer pool pages
2018-01-07 21:27:03 4436 [Note] InnoDB: The InnoDB memory heap is disabled
2018-01-07 21:27:03 4436 [Note] InnoDB: Mutexes and rw_locks use Windows interlocked functions
2018-01-07 21:27:03 4436 [Note] InnoDB: _mm_lfence() and _mm_sfence() are used for memory barrier
2018-01-07 21:27:03 4436 [Note] InnoDB: Compressed tables use zlib 1.2.3
2018-01-07 21:27:03 4436 [Note] InnoDB: Using generic crc32 instructions
2018-01-07 21:27:03 4436 [Note] InnoDB: Initializing buffer pool, size = 16.0M
2018-01-07 21:27:03 4436 [Note] InnoDB: Completed initialization of buffer pool
2018-01-07 21:27:03 4436 [Note] InnoDB: Highest supported file format is Barracuda.
2018-01-07 21:27:03 4436 [Note] InnoDB: The log sequence number 1835037 in ibdata file do not match the log sequence number 1835492 in the ib_logfiles!
2018-01-07 21:27:03 4436 [Note] InnoDB: Restoring possible half-written data pages from the doublewrite buffer...
2018-01-07 21:27:04 4436 [Note] InnoDB: 128 rollback segment(s) are active.
2018-01-07 21:27:04 4436 [Note] InnoDB: Waiting for purge to start
2018-01-07 21:27:04 4436 [Note] InnoDB:  Percona XtraDB (http://www.percona.com) 5.6.36-82.2 started; log sequence number 1835492
2018-01-07 21:27:04 10192 [Note] InnoDB: Dumping buffer pool(s) not yet started
2018-01-07 21:27:04 4436 [Note] Plugin 'FEEDBACK' is disabled.
2018-01-07 21:27:04 4436 [Note] Server socket created on IP: '::'.
2018-01-07 21:27:04 4436 [Note] c:\xampp\mysql\bin\mysqld.exe: ready for connections.
Version: '10.1.29-MariaDB'  socket: ''  port: 3306  mariadb.org binary distribution
2018-01-07 21:28:12 198c InnoDB: Warning: Using innodb_additional_mem_pool_size is DEPRECATED. This option may be removed in future releases, together with the option innodb_use_sys_malloc and with the InnoDB's internal memory allocator.
2018-01-07 21:28:12 6540 [Note] InnoDB: innodb_empty_free_list_algorithm has been changed to legacy because of small buffer pool size. In order to use backoff, increase buffer pool at least up to 20MB.

2018-01-07 21:28:12 6540 [Note] InnoDB: Using mutexes to ref count buffer pool pages
2018-01-07 21:28:12 6540 [Note] InnoDB: The InnoDB memory heap is disabled
2018-01-07 21:28:12 6540 [Note] InnoDB: Mutexes and rw_locks use Windows interlocked functions
2018-01-07 21:28:12 6540 [Note] InnoDB: _mm_lfence() and _mm_sfence() are used for memory barrier
2018-01-07 21:28:12 6540 [Note] InnoDB: Compressed tables use zlib 1.2.3
2018-01-07 21:28:12 6540 [Note] InnoDB: Using generic crc32 instructions
2018-01-07 21:28:12 6540 [Note] InnoDB: Initializing buffer pool, size = 16.0M
2018-01-07 21:28:12 6540 [Note] InnoDB: Completed initialization of buffer pool
2018-01-07 21:28:12 6540 [Note] InnoDB: Highest supported file format is Barracuda.
2018-01-07 21:28:12 6540 [Note] InnoDB: The log sequence number 1835037 in ibdata file do not match the log sequence number 1835502 in the ib_logfiles!
2018-01-07 21:28:12 6540 [Note] InnoDB: Restoring possible half-written data pages from the doublewrite buffer...
2018-01-07 21:28:14 6540 [Note] InnoDB: 128 rollback segment(s) are active.
2018-01-07 21:28:14 6540 [Note] InnoDB: Waiting for purge to start
2018-01-07 21:28:14 6540 [Note] InnoDB:  Percona XtraDB (http://www.percona.com) 5.6.36-82.2 started; log sequence number 1835502
2018-01-07 21:28:14 8748 [Note] InnoDB: Dumping buffer pool(s) not yet started
2018-01-07 21:28:14 6540 [Note] Plugin 'FEEDBACK' is disabled.
2018-01-07 21:28:14 6540 [Note] Server socket created on IP: '::'.
2018-01-07 21:28:14 6540 [Note] c:\xampp\mysql\bin\mysqld.exe: ready for connections.
Version: '10.1.29-MariaDB'  socket: ''  port: 3306  mariadb.org binary distribution
